Build started 2014/7/1 10:07:34.
     1>Project "E:\myspace\DreamEngine\Foundation\Foundation.vcxproj" on node 2 (build target(s)).
     1>InitializeBuildStatus:
         Touching "Debug\Foundation.unsuccessfulbuild".
       ClCompile:
         C:\Program Files (x86)\Microsoft Visual Studio 10.0\VC\bin\CL.exe /c /IE:\myspace\DreamEngine\Engine\foundation /ZI /nologo /W3 /WX- /Od /Oy- /D WIN32 /D RENDERDEVICE_D3D9 /D _MBCS /Gm /EHsc /RTC1 /MDd /GS /fp:precise /Zc:wchar_t /Zc:forScope /Fo"Debug\\" /Fd"Debug\vc100.pdb" /Gd /TP /analyze- /errorReport:prompt ..\Engine\foundation\math\MinMaxCurve.cc
         MinMaxCurve.cc
       Lib:
         C:\Program Files (x86)\Microsoft Visual Studio 10.0\VC\bin\Lib.exe /OUT:"E:\myspace\DreamEngine\Debug\Foundation.lib" /NOLOGO Debug\bbox.obj
         Debug\float3.obj
         Debug\intersection.obj
         Debug\line.obj
         Debug\MinMaxCurve.obj
         Debug\new_float4.obj
         Debug\new_matrix44.obj
         Debug\new_plane.obj
         Debug\new_quaternion.obj
         Debug\OgreMath.obj
         Debug\OgreMatrix3.obj
         Debug\OgreMatrix4.obj
         Debug\OgreQuaternion.obj
         Debug\OgreVector3.obj
         Debug\OgreVector4.obj
         Debug\size.obj
         Debug\sphere_.obj
         Foundation.vcxproj -> E:\myspace\DreamEngine\Debug\Foundation.lib
       FinalizeBuildStatus:
         Deleting file "Debug\Foundation.unsuccessfulbuild".
         Touching "Debug\Foundation.lastbuildstate".
     1>Done Building Project "E:\myspace\DreamEngine\Foundation\Foundation.vcxproj" (build target(s)).

Build succeeded.

Time Elapsed 00:00:01.04
